2021-08-13 13:37:42 - c.w.r.BasicRestTemplateApplication - Starting BasicRestTemplateApplication using Java 1.8.0_251 on ganesha with PID 28044 (G:\code\sts-workspace\BasicRestTemplate\target\classes started by User in G:\code\sts-workspace\BasicRestTemplate)
2021-08-13 13:37:42 - c.w.r.BasicRestTemplateApplication - No active profile set, falling back to default profiles: default
2021-08-13 13:37:43 - c.w.r.BasicRestTemplateApplication - Started BasicRestTemplateApplication in 0.699 seconds (JVM running for 1.254)
2021-08-13 13:37:43 - com.workshop.rest.MyRunner - Started MyRunner
2021-08-13 13:37:43 - com.workshop.rest.MyRunner - Press enter to continue ....
2021-08-13 13:37:45 - com.workshop.rest.MyRunner - 

2021-08-13 13:37:45 - com.workshop.rest.MyRestService - GET to http://localhost:8080/api/developers
2021-08-13 13:37:45 - com.workshop.rest.MyRunner - Retrieved 5 developers ..
2021-08-13 13:37:45 - com.workshop.rest.MyRunner - Developer [id=1, name=Peter, age=25, languages=[Java, Python], married=false]
2021-08-13 13:37:45 - com.workshop.rest.MyRunner - Developer [id=2, name=Jane, age=38, languages=[C++, JavaScript], married=true]
2021-08-13 13:37:45 - com.workshop.rest.MyRunner - Developer [id=3, name=Douglas, age=45, languages=[Java, JavaScript], married=true]
2021-08-13 13:37:45 - com.workshop.rest.MyRunner - Developer [id=4, name=Sophia, age=30, languages=[Python, JavaScript, Java], married=false]
2021-08-13 13:37:45 - com.workshop.rest.MyRunner - Developer [id=5, name=Isabella, age=58, languages=[C++, Java, Erlang], married=true]
2021-08-13 13:37:45 - com.workshop.rest.MyRunner - Press enter to continue ....
2021-08-13 13:37:48 - com.workshop.rest.MyRunner - 

2021-08-13 13:37:48 - com.workshop.rest.MyRestService - GET to http://localhost:8080/api/developers/2
2021-08-13 13:37:48 - com.workshop.rest.MyRunner - Developer [id=2, name=Jane, age=38, languages=[C++, JavaScript], married=true]
2021-08-13 13:37:48 - com.workshop.rest.MyRunner - Press enter to continue ....
2021-08-13 13:37:52 - com.workshop.rest.MyRunner - 

2021-08-13 13:37:52 - com.workshop.rest.MyRunner - Storing 2 new developers
2021-08-13 13:37:52 - com.workshop.rest.MyRestService - POST to http://localhost:8080/api/developers
2021-08-13 13:37:52 - com.workshop.rest.MyRestService - POST to http://localhost:8080/api/developers
2021-08-13 13:37:52 - com.workshop.rest.MyRunner - Developer 1 stored at : http://localhost:8080/api/developers/6
2021-08-13 13:37:52 - com.workshop.rest.MyRunner - Developer 2 stored at : http://localhost:8080/api/developers/7
2021-08-13 13:37:52 - com.workshop.rest.MyRunner - Press enter to continue ....
2021-08-13 13:37:58 - com.workshop.rest.MyRunner - 

2021-08-13 13:37:58 - com.workshop.rest.MyRestService - GET to http://localhost:8080/api/developers
2021-08-13 13:37:58 - com.workshop.rest.MyRunner - Retrieved 7 developers ..
2021-08-13 13:37:58 - com.workshop.rest.MyRunner - Developer [id=1, name=Peter, age=25, languages=[Java, Python], married=false]
2021-08-13 13:37:58 - com.workshop.rest.MyRunner - Developer [id=2, name=Jane, age=38, languages=[C++, JavaScript], married=true]
2021-08-13 13:37:58 - com.workshop.rest.MyRunner - Developer [id=3, name=Douglas, age=45, languages=[Java, JavaScript], married=true]
2021-08-13 13:37:58 - com.workshop.rest.MyRunner - Developer [id=4, name=Sophia, age=30, languages=[Python, JavaScript, Java], married=false]
2021-08-13 13:37:58 - com.workshop.rest.MyRunner - Developer [id=5, name=Isabella, age=58, languages=[C++, Java, Erlang], married=true]
2021-08-13 13:37:58 - com.workshop.rest.MyRunner - Developer [id=6, name=Flora, age=65, languages=[Erlang, C++, Java], married=true]
2021-08-13 13:37:58 - com.workshop.rest.MyRunner - Developer [id=7, name=Albert, age=42, languages=[Python], married=false]
2021-08-13 13:37:58 - com.workshop.rest.MyRunner - Press enter to continue ....
2021-08-13 13:38:02 - com.workshop.rest.MyRunner - 

2021-08-13 13:38:02 - com.workshop.rest.MyRunner - Locating developers who can write Java
2021-08-13 13:38:02 - com.workshop.rest.MyRestService - GET to http://localhost:8080/api/developers?language=Java
2021-08-13 13:38:02 - com.workshop.rest.MyRunner - Developer [id=1, name=Peter, age=25, languages=[Java, Python], married=false]
2021-08-13 13:38:02 - com.workshop.rest.MyRunner - Developer [id=3, name=Douglas, age=45, languages=[Java, JavaScript], married=true]
2021-08-13 13:38:02 - com.workshop.rest.MyRunner - Developer [id=4, name=Sophia, age=30, languages=[Python, JavaScript, Java], married=false]
2021-08-13 13:38:02 - com.workshop.rest.MyRunner - Developer [id=5, name=Isabella, age=58, languages=[C++, Java, Erlang], married=true]
2021-08-13 13:38:02 - com.workshop.rest.MyRunner - Developer [id=6, name=Flora, age=65, languages=[Erlang, C++, Java], married=true]
2021-08-13 13:38:02 - com.workshop.rest.MyRunner - Press enter to continue ....
2021-08-13 13:38:10 - com.workshop.rest.MyRunner - 

2021-08-13 13:38:10 - com.workshop.rest.MyRunner - Locating developers who are single
2021-08-13 13:38:10 - com.workshop.rest.MyRestService - GET to http://localhost:8080/api/developers?married=false
2021-08-13 13:38:10 - com.workshop.rest.MyRunner - Developer [id=1, name=Peter, age=25, languages=[Java, Python], married=false]
2021-08-13 13:38:10 - com.workshop.rest.MyRunner - Developer [id=4, name=Sophia, age=30, languages=[Python, JavaScript, Java], married=false]
2021-08-13 13:38:10 - com.workshop.rest.MyRunner - Developer [id=7, name=Albert, age=42, languages=[Python], married=false]
2021-08-13 13:38:10 - com.workshop.rest.MyRunner - Press enter to continue ....
2021-08-13 13:38:14 - com.workshop.rest.MyRunner - 

2021-08-13 13:38:14 - com.workshop.rest.MyRunner - Locating developers who are 35 years or older
2021-08-13 13:38:14 - com.workshop.rest.MyRestService - GET to http://localhost:8080/api/developers?age>35
2021-08-13 13:38:14 - com.workshop.rest.MyRunner - Developer [id=2, name=Jane, age=38, languages=[C++, JavaScript], married=true]
2021-08-13 13:38:14 - com.workshop.rest.MyRunner - Developer [id=3, name=Douglas, age=45, languages=[Java, JavaScript], married=true]
2021-08-13 13:38:14 - com.workshop.rest.MyRunner - Developer [id=5, name=Isabella, age=58, languages=[C++, Java, Erlang], married=true]
2021-08-13 13:38:14 - com.workshop.rest.MyRunner - Developer [id=6, name=Flora, age=65, languages=[Erlang, C++, Java], married=true]
2021-08-13 13:38:14 - com.workshop.rest.MyRunner - Developer [id=7, name=Albert, age=42, languages=[Python], married=false]
2021-08-13 13:38:14 - com.workshop.rest.MyRunner - Press enter to continue ....
2021-08-13 13:38:25 - com.workshop.rest.MyRunner - 

2021-08-13 13:38:25 - com.workshop.rest.MyRunner - Locating developers who are 50 years or younger
2021-08-13 13:38:25 - com.workshop.rest.MyRestService - GET to http://localhost:8080/api/developers?age<50
2021-08-13 13:38:25 - com.workshop.rest.MyRunner - Developer [id=1, name=Peter, age=25, languages=[Java, Python], married=false]
2021-08-13 13:38:25 - com.workshop.rest.MyRunner - Developer [id=2, name=Jane, age=38, languages=[C++, JavaScript], married=true]
2021-08-13 13:38:25 - com.workshop.rest.MyRunner - Developer [id=3, name=Douglas, age=45, languages=[Java, JavaScript], married=true]
2021-08-13 13:38:25 - com.workshop.rest.MyRunner - Developer [id=4, name=Sophia, age=30, languages=[Python, JavaScript, Java], married=false]
2021-08-13 13:38:25 - com.workshop.rest.MyRunner - Developer [id=7, name=Albert, age=42, languages=[Python], married=false]
2021-08-13 13:38:25 - com.workshop.rest.MyRunner - Press enter to continue ....
2021-08-13 13:38:35 - com.workshop.rest.MyRunner - 

2021-08-13 13:38:35 - com.workshop.rest.MyRunner - Showing a total of 3 developers starting from developer #2
2021-08-13 13:38:35 - com.workshop.rest.MyRestService - GET to http://localhost:8080/api/developers?limit=3&start=2
2021-08-13 13:38:35 - com.workshop.rest.MyRunner - Developer [id=2, name=Jane, age=38, languages=[C++, JavaScript], married=true]
2021-08-13 13:38:35 - com.workshop.rest.MyRunner - Developer [id=3, name=Douglas, age=45, languages=[Java, JavaScript], married=true]
2021-08-13 13:38:35 - com.workshop.rest.MyRunner - Developer [id=4, name=Sophia, age=30, languages=[Python, JavaScript, Java], married=false]
2021-08-13 13:38:35 - com.workshop.rest.MyRunner - Press enter to continue ....
2021-08-13 13:38:40 - com.workshop.rest.MyRunner - 

2021-08-13 13:38:40 - com.workshop.rest.MyRunner - Modifying details for developer #3
2021-08-13 13:38:40 - com.workshop.rest.MyRestService - GET to http://localhost:8080/api/developers/3
2021-08-13 13:38:40 - com.workshop.rest.MyRunner - Developer [id=3, name=Douglas, age=45, languages=[Java, JavaScript], married=true]
2021-08-13 13:38:40 - com.workshop.rest.MyRunner - increase age by 10 and change marital status
2021-08-13 13:38:40 - com.workshop.rest.MyRestService - PUT to http://localhost:8080/api/developers/3
2021-08-13 13:38:40 - com.workshop.rest.MyRestService - GET to http://localhost:8080/api/developers/3
2021-08-13 13:38:40 - com.workshop.rest.MyRunner - Developer [id=3, name=Douglas, age=55, languages=[Java, JavaScript], married=false]
2021-08-13 13:38:40 - com.workshop.rest.MyRunner - Press enter to continue ....
2021-08-13 13:38:47 - com.workshop.rest.MyRunner - 

2021-08-13 13:38:47 - com.workshop.rest.MyRunner - Deleting developer #2 and #4
2021-08-13 13:38:47 - com.workshop.rest.MyRestService - DELETE to http://localhost:8080/api/developers/2
2021-08-13 13:38:47 - com.workshop.rest.MyRestService - DELETE to http://localhost:8080/api/developers/4
2021-08-13 13:38:47 - com.workshop.rest.MyRestService - GET to http://localhost:8080/api/developers
2021-08-13 13:38:47 - com.workshop.rest.MyRunner - Retrieved 5 developers ..
2021-08-13 13:38:47 - com.workshop.rest.MyRunner - Developer [id=1, name=Peter, age=25, languages=[Java, Python], married=false]
2021-08-13 13:38:47 - com.workshop.rest.MyRunner - Developer [id=3, name=Douglas, age=55, languages=[Java, JavaScript], married=false]
2021-08-13 13:38:47 - com.workshop.rest.MyRunner - Developer [id=5, name=Isabella, age=58, languages=[C++, Java, Erlang], married=true]
2021-08-13 13:38:47 - com.workshop.rest.MyRunner - Developer [id=6, name=Flora, age=65, languages=[Erlang, C++, Java], married=true]
2021-08-13 13:38:47 - com.workshop.rest.MyRunner - Developer [id=7, name=Albert, age=42, languages=[Python], married=false]
2021-08-13 13:38:47 - com.workshop.rest.MyRunner - Application complete !
2021-08-13 15:04:54 - c.w.r.BasicRestTemplateApplication - Starting BasicRestTemplateApplication using Java 1.8.0_251 on ganesha with PID 23952 (G:\code\sts-workspace\BasicRestTemplate\target\classes started by User in G:\code\sts-workspace\BasicRestTemplate)
2021-08-13 15:04:54 - c.w.r.BasicRestTemplateApplication - No active profile set, falling back to default profiles: default
2021-08-13 15:04:55 - c.w.r.BasicRestTemplateApplication - Started BasicRestTemplateApplication in 0.694 seconds (JVM running for 1.261)
2021-08-13 15:04:55 - com.workshop.rest.MyRunner - Started MyRunner
2021-08-13 15:04:55 - com.workshop.rest.MyRunner - Press enter to continue ....
2021-08-13 15:04:59 - com.workshop.rest.MyRunner - 

2021-08-13 15:04:59 - com.workshop.rest.MyRestService - GET to http://localhost:8080/api/developers
2021-08-13 15:04:59 - com.workshop.rest.MyRunner - Retrieved 5 developers ..
2021-08-13 15:04:59 - com.workshop.rest.MyRunner - Developer [id=1, name=Peter, age=25, languages=[Java, Python], married=false]
2021-08-13 15:04:59 - com.workshop.rest.MyRunner - Developer [id=2, name=Jane, age=38, languages=[C++, JavaScript], married=true]
2021-08-13 15:04:59 - com.workshop.rest.MyRunner - Developer [id=3, name=Douglas, age=45, languages=[Java, JavaScript], married=true]
2021-08-13 15:04:59 - com.workshop.rest.MyRunner - Developer [id=4, name=Sophia, age=30, languages=[Python, JavaScript, Java], married=false]
2021-08-13 15:04:59 - com.workshop.rest.MyRunner - Developer [id=5, name=Isabella, age=58, languages=[C++, Java, Erlang], married=true]
2021-08-13 15:04:59 - com.workshop.rest.MyRunner - Press enter to continue ....
2021-08-13 15:05:00 - com.workshop.rest.MyRunner - 

2021-08-13 15:05:00 - com.workshop.rest.MyRestService - GET to http://localhost:8080/api/developers/2
2021-08-13 15:05:00 - com.workshop.rest.MyRunner - Developer [id=2, name=Jane, age=38, languages=[C++, JavaScript], married=true]
2021-08-13 15:05:00 - com.workshop.rest.MyRunner - Press enter to continue ....
2021-08-13 15:05:00 - com.workshop.rest.MyRunner - 

2021-08-13 15:05:00 - com.workshop.rest.MyRunner - Storing 2 new developers
2021-08-13 15:05:00 - com.workshop.rest.MyRestService - POST to http://localhost:8080/api/developers
2021-08-13 15:05:00 - com.workshop.rest.MyRestService - POST to http://localhost:8080/api/developers
2021-08-13 15:05:01 - com.workshop.rest.MyRunner - Developer 1 stored at : http://localhost:8080/api/developers/6
2021-08-13 15:05:01 - com.workshop.rest.MyRunner - Developer 2 stored at : http://localhost:8080/api/developers/7
2021-08-13 15:05:01 - com.workshop.rest.MyRunner - Press enter to continue ....
2021-08-13 15:05:01 - com.workshop.rest.MyRunner - 

2021-08-13 15:05:01 - com.workshop.rest.MyRestService - GET to http://localhost:8080/api/developers
2021-08-13 15:05:01 - com.workshop.rest.MyRunner - Retrieved 7 developers ..
2021-08-13 15:05:01 - com.workshop.rest.MyRunner - Developer [id=1, name=Peter, age=25, languages=[Java, Python], married=false]
2021-08-13 15:05:01 - com.workshop.rest.MyRunner - Developer [id=2, name=Jane, age=38, languages=[C++, JavaScript], married=true]
2021-08-13 15:05:01 - com.workshop.rest.MyRunner - Developer [id=3, name=Douglas, age=45, languages=[Java, JavaScript], married=true]
2021-08-13 15:05:01 - com.workshop.rest.MyRunner - Developer [id=4, name=Sophia, age=30, languages=[Python, JavaScript, Java], married=false]
2021-08-13 15:05:01 - com.workshop.rest.MyRunner - Developer [id=5, name=Isabella, age=58, languages=[C++, Java, Erlang], married=true]
2021-08-13 15:05:01 - com.workshop.rest.MyRunner - Developer [id=6, name=Flora, age=65, languages=[Erlang, C++, Java], married=true]
2021-08-13 15:05:01 - com.workshop.rest.MyRunner - Developer [id=7, name=Albert, age=42, languages=[Python], married=false]
2021-08-13 15:05:01 - com.workshop.rest.MyRunner - Press enter to continue ....
2021-08-13 15:05:02 - com.workshop.rest.MyRunner - 

2021-08-13 15:05:02 - com.workshop.rest.MyRunner - Locating developers who can write Java
2021-08-13 15:05:02 - com.workshop.rest.MyRestService - GET to http://localhost:8080/api/developers?language=Java
2021-08-13 15:05:02 - com.workshop.rest.MyRunner - Developer [id=1, name=Peter, age=25, languages=[Java, Python], married=false]
2021-08-13 15:05:02 - com.workshop.rest.MyRunner - Developer [id=3, name=Douglas, age=45, languages=[Java, JavaScript], married=true]
2021-08-13 15:05:02 - com.workshop.rest.MyRunner - Developer [id=4, name=Sophia, age=30, languages=[Python, JavaScript, Java], married=false]
2021-08-13 15:05:02 - com.workshop.rest.MyRunner - Developer [id=5, name=Isabella, age=58, languages=[C++, Java, Erlang], married=true]
2021-08-13 15:05:02 - com.workshop.rest.MyRunner - Developer [id=6, name=Flora, age=65, languages=[Erlang, C++, Java], married=true]
2021-08-13 15:05:02 - com.workshop.rest.MyRunner - Press enter to continue ....
2021-08-13 15:05:02 - com.workshop.rest.MyRunner - 

2021-08-13 15:05:02 - com.workshop.rest.MyRunner - Locating developers who are single
2021-08-13 15:05:02 - com.workshop.rest.MyRestService - GET to http://localhost:8080/api/developers?married=false
2021-08-13 15:05:02 - com.workshop.rest.MyRunner - Developer [id=1, name=Peter, age=25, languages=[Java, Python], married=false]
2021-08-13 15:05:02 - com.workshop.rest.MyRunner - Developer [id=4, name=Sophia, age=30, languages=[Python, JavaScript, Java], married=false]
2021-08-13 15:05:02 - com.workshop.rest.MyRunner - Developer [id=7, name=Albert, age=42, languages=[Python], married=false]
2021-08-13 15:05:02 - com.workshop.rest.MyRunner - Press enter to continue ....
2021-08-13 15:05:03 - com.workshop.rest.MyRunner - 

2021-08-13 15:05:03 - com.workshop.rest.MyRunner - Locating developers who are 35 years or older
2021-08-13 15:05:03 - com.workshop.rest.MyRestService - GET to http://localhost:8080/api/developers?age>35
2021-08-13 15:05:03 - com.workshop.rest.MyRunner - Developer [id=2, name=Jane, age=38, languages=[C++, JavaScript], married=true]
2021-08-13 15:05:03 - com.workshop.rest.MyRunner - Developer [id=3, name=Douglas, age=45, languages=[Java, JavaScript], married=true]
2021-08-13 15:05:03 - com.workshop.rest.MyRunner - Developer [id=5, name=Isabella, age=58, languages=[C++, Java, Erlang], married=true]
2021-08-13 15:05:03 - com.workshop.rest.MyRunner - Developer [id=6, name=Flora, age=65, languages=[Erlang, C++, Java], married=true]
2021-08-13 15:05:03 - com.workshop.rest.MyRunner - Developer [id=7, name=Albert, age=42, languages=[Python], married=false]
2021-08-13 15:05:03 - com.workshop.rest.MyRunner - Press enter to continue ....
2021-08-13 15:05:03 - com.workshop.rest.MyRunner - 

2021-08-13 15:05:03 - com.workshop.rest.MyRunner - Locating developers who are 50 years or younger
2021-08-13 15:05:03 - com.workshop.rest.MyRestService - GET to http://localhost:8080/api/developers?age<50
2021-08-13 15:05:03 - com.workshop.rest.MyRunner - Developer [id=1, name=Peter, age=25, languages=[Java, Python], married=false]
2021-08-13 15:05:03 - com.workshop.rest.MyRunner - Developer [id=2, name=Jane, age=38, languages=[C++, JavaScript], married=true]
2021-08-13 15:05:03 - com.workshop.rest.MyRunner - Developer [id=3, name=Douglas, age=45, languages=[Java, JavaScript], married=true]
2021-08-13 15:05:03 - com.workshop.rest.MyRunner - Developer [id=4, name=Sophia, age=30, languages=[Python, JavaScript, Java], married=false]
2021-08-13 15:05:03 - com.workshop.rest.MyRunner - Developer [id=7, name=Albert, age=42, languages=[Python], married=false]
2021-08-13 15:05:03 - com.workshop.rest.MyRunner - Press enter to continue ....
2021-08-13 15:05:04 - com.workshop.rest.MyRunner - 

2021-08-13 15:05:04 - com.workshop.rest.MyRunner - Showing a total of 3 developers starting from developer #2
2021-08-13 15:05:04 - com.workshop.rest.MyRestService - GET to http://localhost:8080/api/developers?limit=3&start=2
2021-08-13 15:05:04 - com.workshop.rest.MyRunner - Developer [id=2, name=Jane, age=38, languages=[C++, JavaScript], married=true]
2021-08-13 15:05:04 - com.workshop.rest.MyRunner - Developer [id=3, name=Douglas, age=45, languages=[Java, JavaScript], married=true]
2021-08-13 15:05:04 - com.workshop.rest.MyRunner - Developer [id=4, name=Sophia, age=30, languages=[Python, JavaScript, Java], married=false]
2021-08-13 15:05:04 - com.workshop.rest.MyRunner - Press enter to continue ....
2021-08-13 15:05:04 - com.workshop.rest.MyRunner - 

2021-08-13 15:05:04 - com.workshop.rest.MyRunner - Modifying details for developer #3
2021-08-13 15:05:04 - com.workshop.rest.MyRestService - GET to http://localhost:8080/api/developers/3
2021-08-13 15:05:04 - com.workshop.rest.MyRunner - Developer [id=3, name=Douglas, age=45, languages=[Java, JavaScript], married=true]
2021-08-13 15:05:04 - com.workshop.rest.MyRunner - increase age by 10 and change marital status
2021-08-13 15:05:04 - com.workshop.rest.MyRestService - PUT to http://localhost:8080/api/developers/3
2021-08-13 15:05:04 - com.workshop.rest.MyRestService - GET to http://localhost:8080/api/developers/3
2021-08-13 15:05:04 - com.workshop.rest.MyRunner - Developer [id=3, name=Douglas, age=55, languages=[Java, JavaScript], married=false]
2021-08-13 15:05:04 - com.workshop.rest.MyRunner - Press enter to continue ....
2021-08-13 15:05:05 - com.workshop.rest.MyRunner - 

2021-08-13 15:05:05 - com.workshop.rest.MyRunner - Deleting developer #2 and #4
2021-08-13 15:05:05 - com.workshop.rest.MyRestService - DELETE to http://localhost:8080/api/developers/2
2021-08-13 15:05:05 - com.workshop.rest.MyRestService - DELETE to http://localhost:8080/api/developers/4
2021-08-13 15:05:05 - com.workshop.rest.MyRestService - GET to http://localhost:8080/api/developers
2021-08-13 15:05:05 - com.workshop.rest.MyRunner - Retrieved 5 developers ..
2021-08-13 15:05:05 - com.workshop.rest.MyRunner - Developer [id=1, name=Peter, age=25, languages=[Java, Python], married=false]
2021-08-13 15:05:05 - com.workshop.rest.MyRunner - Developer [id=3, name=Douglas, age=55, languages=[Java, JavaScript], married=false]
2021-08-13 15:05:05 - com.workshop.rest.MyRunner - Developer [id=5, name=Isabella, age=58, languages=[C++, Java, Erlang], married=true]
2021-08-13 15:05:05 - com.workshop.rest.MyRunner - Developer [id=6, name=Flora, age=65, languages=[Erlang, C++, Java], married=true]
2021-08-13 15:05:05 - com.workshop.rest.MyRunner - Developer [id=7, name=Albert, age=42, languages=[Python], married=false]
2021-08-13 15:05:05 - com.workshop.rest.MyRunner - Application complete !
2021-08-13 15:07:10 - c.w.r.BasicRestTemplateApplication - Starting BasicRestTemplateApplication using Java 1.8.0_251 on ganesha with PID 16536 (G:\code\sts-workspace\BasicRestTemplate\target\classes started by User in G:\code\sts-workspace\BasicRestTemplate)
2021-08-13 15:07:10 - c.w.r.BasicRestTemplateApplication - No active profile set, falling back to default profiles: default
2021-08-13 15:07:11 - c.w.r.BasicRestTemplateApplication - Started BasicRestTemplateApplication in 0.663 seconds (JVM running for 1.215)
2021-08-13 15:07:11 - com.workshop.rest.MyRunner - Started MyRunner
2021-08-13 15:07:11 - com.workshop.rest.MyRunner - Press enter to continue ....
2021-08-13 15:07:14 - com.workshop.rest.MyRunner - 

2021-08-13 15:07:14 - com.workshop.rest.MyRestService - GET to http://localhost:8080/api/developers
2021-08-13 15:07:14 - com.workshop.rest.MyRunner - Retrieved 5 developers ..
2021-08-13 15:07:14 - com.workshop.rest.MyRunner - Developer(id=1, name=Peter, age=25, languages=[Java, Python], married=false)
2021-08-13 15:07:14 - com.workshop.rest.MyRunner - Developer(id=3, name=Douglas, age=55, languages=[Java, JavaScript], married=false)
2021-08-13 15:07:14 - com.workshop.rest.MyRunner - Developer(id=5, name=Isabella, age=58, languages=[C++, Java, Erlang], married=true)
2021-08-13 15:07:14 - com.workshop.rest.MyRunner - Developer(id=6, name=Flora, age=65, languages=[Erlang, C++, Java], married=true)
2021-08-13 15:07:14 - com.workshop.rest.MyRunner - Developer(id=7, name=Albert, age=42, languages=[Python], married=false)
2021-08-13 15:07:14 - com.workshop.rest.MyRunner - Press enter to continue ....
2021-08-13 15:07:19 - com.workshop.rest.MyRunner - 

2021-08-13 15:07:19 - com.workshop.rest.MyRestService - GET to http://localhost:8080/api/developers/2
2021-08-13 15:07:19 - o.s.b.a.l.ConditionEvaluationReportLoggingListener - 

Error starting ApplicationContext. To display the conditions report re-run your application with 'debug' enabled.
2021-08-13 15:07:19 - o.s.boot.SpringApplication - Application run failed
java.lang.IllegalStateException: Failed to execute CommandLineRunner
	at org.springframework.boot.SpringApplication.callRunner(SpringApplication.java:794)
	at org.springframework.boot.SpringApplication.callRunners(SpringApplication.java:775)
	at org.springframework.boot.SpringApplication.run(SpringApplication.java:345)
	at org.springframework.boot.SpringApplication.run(SpringApplication.java:1343)
	at org.springframework.boot.SpringApplication.run(SpringApplication.java:1332)
	at com.workshop.rest.BasicRestTemplateApplication.main(BasicRestTemplateApplication.java:10)
Caused by: org.springframework.web.client.HttpClientErrorException$NotFound: 404 : [{"timestamp":"2021-08-13T07:07:19.949+00:00","status":404,"error":"404 NOT_FOUND","message":"No developer with ID 2 exists !","internalErrorId":333,"infoURL":"https://www.paynet.my/en/support/api/docs"}]
	at org.springframework.web.client.HttpClientErrorException.create(HttpClientErrorException.java:113)
	at org.springframework.web.client.DefaultResponseErrorHandler.handleError(DefaultResponseErrorHandler.java:186)
	at org.springframework.web.client.DefaultResponseErrorHandler.handleError(DefaultResponseErrorHandler.java:125)
	at org.springframework.web.client.ResponseErrorHandler.handleError(ResponseErrorHandler.java:63)
	at org.springframework.web.client.RestTemplate.handleResponse(RestTemplate.java:819)
	at org.springframework.web.client.RestTemplate.doExecute(RestTemplate.java:777)
	at org.springframework.web.client.RestTemplate.execute(RestTemplate.java:711)
	at org.springframework.web.client.RestTemplate.getForObject(RestTemplate.java:334)
	at com.workshop.rest.MyRestService.getDeveloper(MyRestService.java:44)
	at com.workshop.rest.MyRunner.run(MyRunner.java:38)
	at org.springframework.boot.SpringApplication.callRunner(SpringApplication.java:791)
	... 5 common frames omitted
2021-08-13 15:07:43 - c.w.r.BasicRestTemplateApplication - Starting BasicRestTemplateApplication using Java 1.8.0_251 on ganesha with PID 11060 (G:\code\sts-workspace\BasicRestTemplate\target\classes started by User in G:\code\sts-workspace\BasicRestTemplate)
2021-08-13 15:07:43 - c.w.r.BasicRestTemplateApplication - No active profile set, falling back to default profiles: default
2021-08-13 15:07:43 - c.w.r.BasicRestTemplateApplication - Started BasicRestTemplateApplication in 0.661 seconds (JVM running for 1.231)
2021-08-13 15:07:43 - com.workshop.rest.MyRunner - Started MyRunner
2021-08-13 15:07:43 - com.workshop.rest.MyRunner - Press enter to continue ....
2021-08-13 15:07:52 - com.workshop.rest.MyRunner - 

2021-08-13 15:07:52 - com.workshop.rest.MyRestService - GET to http://localhost:8080/api/developers
2021-08-13 15:07:52 - com.workshop.rest.MyRunner - Retrieved 5 developers ..
2021-08-13 15:07:52 - com.workshop.rest.MyRunner - Developer(id=1, name=Peter, age=25, languages=[Java, Python], married=false)
2021-08-13 15:07:52 - com.workshop.rest.MyRunner - Developer(id=2, name=Jane, age=38, languages=[C++, JavaScript], married=true)
2021-08-13 15:07:52 - com.workshop.rest.MyRunner - Developer(id=3, name=Douglas, age=45, languages=[Java, JavaScript], married=true)
2021-08-13 15:07:52 - com.workshop.rest.MyRunner - Developer(id=4, name=Sophia, age=30, languages=[Python, JavaScript, Java], married=false)
2021-08-13 15:07:52 - com.workshop.rest.MyRunner - Developer(id=5, name=Isabella, age=58, languages=[C++, Java, Erlang], married=true)
2021-08-13 15:07:52 - com.workshop.rest.MyRunner - Press enter to continue ....
2021-08-13 15:07:53 - com.workshop.rest.MyRunner - 

2021-08-13 15:07:53 - com.workshop.rest.MyRestService - GET to http://localhost:8080/api/developers/2
2021-08-13 15:07:53 - com.workshop.rest.MyRunner - Developer(id=2, name=Jane, age=38, languages=[C++, JavaScript], married=true)
2021-08-13 15:07:53 - com.workshop.rest.MyRunner - Press enter to continue ....
2021-08-13 15:07:54 - com.workshop.rest.MyRunner - 

2021-08-13 15:07:54 - com.workshop.rest.MyRunner - Storing 2 new developers
2021-08-13 15:07:54 - com.workshop.rest.MyRestService - POST to http://localhost:8080/api/developers
2021-08-13 15:07:54 - com.workshop.rest.MyRestService - POST to http://localhost:8080/api/developers
2021-08-13 15:07:54 - com.workshop.rest.MyRunner - Developer 1 stored at : http://localhost:8080/api/developers/6
2021-08-13 15:07:54 - com.workshop.rest.MyRunner - Developer 2 stored at : http://localhost:8080/api/developers/7
2021-08-13 15:07:54 - com.workshop.rest.MyRunner - Press enter to continue ....
2021-08-13 15:07:54 - com.workshop.rest.MyRunner - 

2021-08-13 15:07:54 - com.workshop.rest.MyRestService - GET to http://localhost:8080/api/developers
2021-08-13 15:07:54 - com.workshop.rest.MyRunner - Retrieved 7 developers ..
2021-08-13 15:07:54 - com.workshop.rest.MyRunner - Developer(id=1, name=Peter, age=25, languages=[Java, Python], married=false)
2021-08-13 15:07:54 - com.workshop.rest.MyRunner - Developer(id=2, name=Jane, age=38, languages=[C++, JavaScript], married=true)
2021-08-13 15:07:54 - com.workshop.rest.MyRunner - Developer(id=3, name=Douglas, age=45, languages=[Java, JavaScript], married=true)
2021-08-13 15:07:54 - com.workshop.rest.MyRunner - Developer(id=4, name=Sophia, age=30, languages=[Python, JavaScript, Java], married=false)
2021-08-13 15:07:54 - com.workshop.rest.MyRunner - Developer(id=5, name=Isabella, age=58, languages=[C++, Java, Erlang], married=true)
2021-08-13 15:07:54 - com.workshop.rest.MyRunner - Developer(id=6, name=Flora, age=65, languages=[Erlang, C++, Java], married=true)
2021-08-13 15:07:54 - com.workshop.rest.MyRunner - Developer(id=7, name=Albert, age=42, languages=[Python], married=false)
2021-08-13 15:07:54 - com.workshop.rest.MyRunner - Press enter to continue ....
2021-08-13 15:07:55 - com.workshop.rest.MyRunner - 

2021-08-13 15:07:55 - com.workshop.rest.MyRunner - Locating developers who can write Java
2021-08-13 15:07:55 - com.workshop.rest.MyRestService - GET to http://localhost:8080/api/developers?language=Java
2021-08-13 15:07:55 - com.workshop.rest.MyRunner - Developer(id=1, name=Peter, age=25, languages=[Java, Python], married=false)
2021-08-13 15:07:55 - com.workshop.rest.MyRunner - Developer(id=3, name=Douglas, age=45, languages=[Java, JavaScript], married=true)
2021-08-13 15:07:55 - com.workshop.rest.MyRunner - Developer(id=4, name=Sophia, age=30, languages=[Python, JavaScript, Java], married=false)
2021-08-13 15:07:55 - com.workshop.rest.MyRunner - Developer(id=5, name=Isabella, age=58, languages=[C++, Java, Erlang], married=true)
2021-08-13 15:07:55 - com.workshop.rest.MyRunner - Developer(id=6, name=Flora, age=65, languages=[Erlang, C++, Java], married=true)
2021-08-13 15:07:55 - com.workshop.rest.MyRunner - Press enter to continue ....
2021-08-13 15:07:55 - com.workshop.rest.MyRunner - 

2021-08-13 15:07:55 - com.workshop.rest.MyRunner - Locating developers who are single
2021-08-13 15:07:55 - com.workshop.rest.MyRestService - GET to http://localhost:8080/api/developers?married=false
2021-08-13 15:07:55 - com.workshop.rest.MyRunner - Developer(id=1, name=Peter, age=25, languages=[Java, Python], married=false)
2021-08-13 15:07:55 - com.workshop.rest.MyRunner - Developer(id=4, name=Sophia, age=30, languages=[Python, JavaScript, Java], married=false)
2021-08-13 15:07:55 - com.workshop.rest.MyRunner - Developer(id=7, name=Albert, age=42, languages=[Python], married=false)
2021-08-13 15:07:55 - com.workshop.rest.MyRunner - Press enter to continue ....
2021-08-13 15:07:56 - com.workshop.rest.MyRunner - 

2021-08-13 15:07:56 - com.workshop.rest.MyRunner - Locating developers who are 35 years or older
2021-08-13 15:07:56 - com.workshop.rest.MyRestService - GET to http://localhost:8080/api/developers?age>35
2021-08-13 15:07:56 - com.workshop.rest.MyRunner - Developer(id=2, name=Jane, age=38, languages=[C++, JavaScript], married=true)
2021-08-13 15:07:56 - com.workshop.rest.MyRunner - Developer(id=3, name=Douglas, age=45, languages=[Java, JavaScript], married=true)
2021-08-13 15:07:56 - com.workshop.rest.MyRunner - Developer(id=5, name=Isabella, age=58, languages=[C++, Java, Erlang], married=true)
2021-08-13 15:07:56 - com.workshop.rest.MyRunner - Developer(id=6, name=Flora, age=65, languages=[Erlang, C++, Java], married=true)
2021-08-13 15:07:56 - com.workshop.rest.MyRunner - Developer(id=7, name=Albert, age=42, languages=[Python], married=false)
2021-08-13 15:07:56 - com.workshop.rest.MyRunner - Press enter to continue ....
2021-08-13 15:07:56 - com.workshop.rest.MyRunner - 

2021-08-13 15:07:56 - com.workshop.rest.MyRunner - Locating developers who are 50 years or younger
2021-08-13 15:07:56 - com.workshop.rest.MyRestService - GET to http://localhost:8080/api/developers?age<50
2021-08-13 15:07:56 - com.workshop.rest.MyRunner - Developer(id=1, name=Peter, age=25, languages=[Java, Python], married=false)
2021-08-13 15:07:56 - com.workshop.rest.MyRunner - Developer(id=2, name=Jane, age=38, languages=[C++, JavaScript], married=true)
2021-08-13 15:07:56 - com.workshop.rest.MyRunner - Developer(id=3, name=Douglas, age=45, languages=[Java, JavaScript], married=true)
2021-08-13 15:07:56 - com.workshop.rest.MyRunner - Developer(id=4, name=Sophia, age=30, languages=[Python, JavaScript, Java], married=false)
2021-08-13 15:07:56 - com.workshop.rest.MyRunner - Developer(id=7, name=Albert, age=42, languages=[Python], married=false)
2021-08-13 15:07:56 - com.workshop.rest.MyRunner - Press enter to continue ....
2021-08-13 15:07:56 - com.workshop.rest.MyRunner - 

2021-08-13 15:07:56 - com.workshop.rest.MyRunner - Showing a total of 3 developers starting from developer #2
2021-08-13 15:07:56 - com.workshop.rest.MyRestService - GET to http://localhost:8080/api/developers?limit=3&start=2
2021-08-13 15:07:56 - com.workshop.rest.MyRunner - Developer(id=2, name=Jane, age=38, languages=[C++, JavaScript], married=true)
2021-08-13 15:07:56 - com.workshop.rest.MyRunner - Developer(id=3, name=Douglas, age=45, languages=[Java, JavaScript], married=true)
2021-08-13 15:07:56 - com.workshop.rest.MyRunner - Developer(id=4, name=Sophia, age=30, languages=[Python, JavaScript, Java], married=false)
2021-08-13 15:07:56 - com.workshop.rest.MyRunner - Press enter to continue ....
2021-08-13 15:07:57 - com.workshop.rest.MyRunner - 

2021-08-13 15:07:57 - com.workshop.rest.MyRunner - Modifying details for developer #3
2021-08-13 15:07:57 - com.workshop.rest.MyRestService - GET to http://localhost:8080/api/developers/3
2021-08-13 15:07:57 - com.workshop.rest.MyRunner - Developer(id=3, name=Douglas, age=45, languages=[Java, JavaScript], married=true)
2021-08-13 15:07:57 - com.workshop.rest.MyRunner - increase age by 10 and change marital status
2021-08-13 15:07:57 - com.workshop.rest.MyRestService - PUT to http://localhost:8080/api/developers/3
2021-08-13 15:07:57 - com.workshop.rest.MyRestService - GET to http://localhost:8080/api/developers/3
2021-08-13 15:07:57 - com.workshop.rest.MyRunner - Developer(id=3, name=Douglas, age=55, languages=[Java, JavaScript], married=false)
2021-08-13 15:07:57 - com.workshop.rest.MyRunner - Press enter to continue ....
2021-08-13 15:07:57 - com.workshop.rest.MyRunner - 

2021-08-13 15:07:57 - com.workshop.rest.MyRunner - Deleting developer #2 and #4
2021-08-13 15:07:57 - com.workshop.rest.MyRestService - DELETE to http://localhost:8080/api/developers/2
2021-08-13 15:07:57 - com.workshop.rest.MyRestService - DELETE to http://localhost:8080/api/developers/4
2021-08-13 15:07:57 - com.workshop.rest.MyRestService - GET to http://localhost:8080/api/developers
2021-08-13 15:07:57 - com.workshop.rest.MyRunner - Retrieved 5 developers ..
2021-08-13 15:07:57 - com.workshop.rest.MyRunner - Developer(id=1, name=Peter, age=25, languages=[Java, Python], married=false)
2021-08-13 15:07:57 - com.workshop.rest.MyRunner - Developer(id=3, name=Douglas, age=55, languages=[Java, JavaScript], married=false)
2021-08-13 15:07:57 - com.workshop.rest.MyRunner - Developer(id=5, name=Isabella, age=58, languages=[C++, Java, Erlang], married=true)
2021-08-13 15:07:57 - com.workshop.rest.MyRunner - Developer(id=6, name=Flora, age=65, languages=[Erlang, C++, Java], married=true)
2021-08-13 15:07:57 - com.workshop.rest.MyRunner - Developer(id=7, name=Albert, age=42, languages=[Python], married=false)
2021-08-13 15:07:57 - com.workshop.rest.MyRunner - Application complete !
2021-08-13 15:18:44 - c.w.r.BasicRestTemplateApplication - Starting BasicRestTemplateApplication using Java 1.8.0_251 on ganesha with PID 17208 (G:\code\sts-workspace\BasicRestTemplate\target\classes started by User in G:\code\sts-workspace\BasicRestTemplate)
2021-08-13 15:18:44 - c.w.r.BasicRestTemplateApplication - No active profile set, falling back to default profiles: default
2021-08-13 15:18:45 - c.w.r.BasicRestTemplateApplication - Started BasicRestTemplateApplication in 0.67 seconds (JVM running for 1.256)
2021-08-13 15:18:45 - com.workshop.rest.MyRunner - Started MyRunner
2021-08-13 15:18:45 - com.workshop.rest.MyRunner - Press enter to continue ....
2021-08-13 15:18:47 - com.workshop.rest.MyRunner - 

2021-08-13 15:18:47 - com.workshop.rest.MyRestService - GET to http://localhost:8080/api/developers
2021-08-13 15:18:47 - com.workshop.rest.MyRunner - Retrieved 5 developers ..
2021-08-13 15:18:47 - com.workshop.rest.MyRunner - Developer(id=1, name=Peter, age=25, languages=[Java, Python], married=false)
2021-08-13 15:18:47 - com.workshop.rest.MyRunner - Developer(id=2, name=Jane, age=38, languages=[C++, JavaScript], married=true)
2021-08-13 15:18:47 - com.workshop.rest.MyRunner - Developer(id=3, name=Douglas, age=45, languages=[Java, JavaScript], married=true)
2021-08-13 15:18:47 - com.workshop.rest.MyRunner - Developer(id=4, name=Sophia, age=30, languages=[Python, JavaScript, Java], married=false)
2021-08-13 15:18:47 - com.workshop.rest.MyRunner - Developer(id=5, name=Isabella, age=58, languages=[C++, Java, Erlang], married=true)
2021-08-13 15:18:47 - com.workshop.rest.MyRunner - Press enter to continue ....
2021-08-13 15:18:47 - com.workshop.rest.MyRunner - 

2021-08-13 15:18:47 - com.workshop.rest.MyRestService - GET to http://localhost:8080/api/developers/2
2021-08-13 15:18:47 - com.workshop.rest.MyRunner - Developer(id=2, name=Jane, age=38, languages=[C++, JavaScript], married=true)
2021-08-13 15:18:47 - com.workshop.rest.MyRunner - Press enter to continue ....
2021-08-13 15:18:48 - com.workshop.rest.MyRunner - 

2021-08-13 15:18:48 - com.workshop.rest.MyRunner - Storing 2 new developers
2021-08-13 15:18:48 - com.workshop.rest.MyRestService - POST to http://localhost:8080/api/developers
2021-08-13 15:18:48 - com.workshop.rest.MyRestService - POST to http://localhost:8080/api/developers
2021-08-13 15:18:48 - com.workshop.rest.MyRunner - Developer 1 stored at : http://localhost:8080/api/developers/6
2021-08-13 15:18:48 - com.workshop.rest.MyRunner - Developer 2 stored at : http://localhost:8080/api/developers/7
2021-08-13 15:18:48 - com.workshop.rest.MyRunner - Press enter to continue ....
2021-08-13 15:18:48 - com.workshop.rest.MyRunner - 

2021-08-13 15:18:48 - com.workshop.rest.MyRestService - GET to http://localhost:8080/api/developers
2021-08-13 15:18:48 - com.workshop.rest.MyRunner - Retrieved 7 developers ..
2021-08-13 15:18:48 - com.workshop.rest.MyRunner - Developer(id=1, name=Peter, age=25, languages=[Java, Python], married=false)
2021-08-13 15:18:48 - com.workshop.rest.MyRunner - Developer(id=2, name=Jane, age=38, languages=[C++, JavaScript], married=true)
2021-08-13 15:18:48 - com.workshop.rest.MyRunner - Developer(id=3, name=Douglas, age=45, languages=[Java, JavaScript], married=true)
2021-08-13 15:18:48 - com.workshop.rest.MyRunner - Developer(id=4, name=Sophia, age=30, languages=[Python, JavaScript, Java], married=false)
2021-08-13 15:18:48 - com.workshop.rest.MyRunner - Developer(id=5, name=Isabella, age=58, languages=[C++, Java, Erlang], married=true)
2021-08-13 15:18:48 - com.workshop.rest.MyRunner - Developer(id=6, name=Flora, age=65, languages=[Erlang, C++, Java], married=true)
2021-08-13 15:18:48 - com.workshop.rest.MyRunner - Developer(id=7, name=Albert, age=42, languages=[Python], married=false)
2021-08-13 15:18:48 - com.workshop.rest.MyRunner - Press enter to continue ....
2021-08-13 15:18:48 - com.workshop.rest.MyRunner - 

2021-08-13 15:18:48 - com.workshop.rest.MyRunner - Locating developers who can write Java
2021-08-13 15:18:48 - com.workshop.rest.MyRestService - GET to http://localhost:8080/api/developers?language=Java
2021-08-13 15:18:48 - com.workshop.rest.MyRunner - Developer(id=1, name=Peter, age=25, languages=[Java, Python], married=false)
2021-08-13 15:18:48 - com.workshop.rest.MyRunner - Developer(id=3, name=Douglas, age=45, languages=[Java, JavaScript], married=true)
2021-08-13 15:18:48 - com.workshop.rest.MyRunner - Developer(id=4, name=Sophia, age=30, languages=[Python, JavaScript, Java], married=false)
2021-08-13 15:18:48 - com.workshop.rest.MyRunner - Developer(id=5, name=Isabella, age=58, languages=[C++, Java, Erlang], married=true)
2021-08-13 15:18:48 - com.workshop.rest.MyRunner - Developer(id=6, name=Flora, age=65, languages=[Erlang, C++, Java], married=true)
2021-08-13 15:18:48 - com.workshop.rest.MyRunner - Press enter to continue ....
2021-08-13 15:18:48 - com.workshop.rest.MyRunner - 

2021-08-13 15:18:48 - com.workshop.rest.MyRunner - Locating developers who are single
2021-08-13 15:18:48 - com.workshop.rest.MyRestService - GET to http://localhost:8080/api/developers?married=false
2021-08-13 15:18:48 - com.workshop.rest.MyRunner - Developer(id=1, name=Peter, age=25, languages=[Java, Python], married=false)
2021-08-13 15:18:48 - com.workshop.rest.MyRunner - Developer(id=4, name=Sophia, age=30, languages=[Python, JavaScript, Java], married=false)
2021-08-13 15:18:48 - com.workshop.rest.MyRunner - Developer(id=7, name=Albert, age=42, languages=[Python], married=false)
2021-08-13 15:18:48 - com.workshop.rest.MyRunner - Press enter to continue ....
2021-08-13 15:18:48 - com.workshop.rest.MyRunner - 

2021-08-13 15:18:48 - com.workshop.rest.MyRunner - Locating developers who are 35 years or older
2021-08-13 15:18:48 - com.workshop.rest.MyRestService - GET to http://localhost:8080/api/developers?age>35
2021-08-13 15:18:49 - com.workshop.rest.MyRunner - Developer(id=2, name=Jane, age=38, languages=[C++, JavaScript], married=true)
2021-08-13 15:18:49 - com.workshop.rest.MyRunner - Developer(id=3, name=Douglas, age=45, languages=[Java, JavaScript], married=true)
2021-08-13 15:18:49 - com.workshop.rest.MyRunner - Developer(id=5, name=Isabella, age=58, languages=[C++, Java, Erlang], married=true)
2021-08-13 15:18:49 - com.workshop.rest.MyRunner - Developer(id=6, name=Flora, age=65, languages=[Erlang, C++, Java], married=true)
2021-08-13 15:18:49 - com.workshop.rest.MyRunner - Developer(id=7, name=Albert, age=42, languages=[Python], married=false)
2021-08-13 15:18:49 - com.workshop.rest.MyRunner - Press enter to continue ....
2021-08-13 15:18:49 - com.workshop.rest.MyRunner - 

2021-08-13 15:18:49 - com.workshop.rest.MyRunner - Locating developers who are 50 years or younger
2021-08-13 15:18:49 - com.workshop.rest.MyRestService - GET to http://localhost:8080/api/developers?age<50
2021-08-13 15:18:49 - com.workshop.rest.MyRunner - Developer(id=1, name=Peter, age=25, languages=[Java, Python], married=false)
2021-08-13 15:18:49 - com.workshop.rest.MyRunner - Developer(id=2, name=Jane, age=38, languages=[C++, JavaScript], married=true)
2021-08-13 15:18:49 - com.workshop.rest.MyRunner - Developer(id=3, name=Douglas, age=45, languages=[Java, JavaScript], married=true)
2021-08-13 15:18:49 - com.workshop.rest.MyRunner - Developer(id=4, name=Sophia, age=30, languages=[Python, JavaScript, Java], married=false)
2021-08-13 15:18:49 - com.workshop.rest.MyRunner - Developer(id=7, name=Albert, age=42, languages=[Python], married=false)
2021-08-13 15:18:49 - com.workshop.rest.MyRunner - Press enter to continue ....
2021-08-13 15:18:49 - com.workshop.rest.MyRunner - 

2021-08-13 15:18:49 - com.workshop.rest.MyRunner - Showing a total of 3 developers starting from developer #2
2021-08-13 15:18:49 - com.workshop.rest.MyRestService - GET to http://localhost:8080/api/developers?limit=3&start=2
2021-08-13 15:18:49 - com.workshop.rest.MyRunner - Developer(id=2, name=Jane, age=38, languages=[C++, JavaScript], married=true)
2021-08-13 15:18:49 - com.workshop.rest.MyRunner - Developer(id=3, name=Douglas, age=45, languages=[Java, JavaScript], married=true)
2021-08-13 15:18:49 - com.workshop.rest.MyRunner - Developer(id=4, name=Sophia, age=30, languages=[Python, JavaScript, Java], married=false)
2021-08-13 15:18:49 - com.workshop.rest.MyRunner - Press enter to continue ....
2021-08-13 15:18:49 - com.workshop.rest.MyRunner - 

2021-08-13 15:18:49 - com.workshop.rest.MyRunner - Modifying details for developer #3
2021-08-13 15:18:49 - com.workshop.rest.MyRestService - GET to http://localhost:8080/api/developers/3
2021-08-13 15:18:49 - com.workshop.rest.MyRunner - Developer(id=3, name=Douglas, age=45, languages=[Java, JavaScript], married=true)
2021-08-13 15:18:49 - com.workshop.rest.MyRunner - increase age by 10 and change marital status
2021-08-13 15:18:49 - com.workshop.rest.MyRestService - PUT to http://localhost:8080/api/developers/3
2021-08-13 15:18:49 - com.workshop.rest.MyRestService - GET to http://localhost:8080/api/developers/3
2021-08-13 15:18:49 - com.workshop.rest.MyRunner - Developer(id=3, name=Douglas, age=55, languages=[Java, JavaScript], married=false)
2021-08-13 15:18:49 - com.workshop.rest.MyRunner - Press enter to continue ....
2021-08-13 15:18:49 - com.workshop.rest.MyRunner - 

2021-08-13 15:18:49 - com.workshop.rest.MyRunner - Deleting developer #2 and #4
2021-08-13 15:18:49 - com.workshop.rest.MyRestService - DELETE to http://localhost:8080/api/developers/2
2021-08-13 15:18:49 - com.workshop.rest.MyRestService - DELETE to http://localhost:8080/api/developers/4
2021-08-13 15:18:49 - com.workshop.rest.MyRestService - GET to http://localhost:8080/api/developers
2021-08-13 15:18:49 - com.workshop.rest.MyRunner - Retrieved 5 developers ..
2021-08-13 15:18:49 - com.workshop.rest.MyRunner - Developer(id=1, name=Peter, age=25, languages=[Java, Python], married=false)
2021-08-13 15:18:49 - com.workshop.rest.MyRunner - Developer(id=3, name=Douglas, age=55, languages=[Java, JavaScript], married=false)
2021-08-13 15:18:49 - com.workshop.rest.MyRunner - Developer(id=5, name=Isabella, age=58, languages=[C++, Java, Erlang], married=true)
2021-08-13 15:18:49 - com.workshop.rest.MyRunner - Developer(id=6, name=Flora, age=65, languages=[Erlang, C++, Java], married=true)
2021-08-13 15:18:49 - com.workshop.rest.MyRunner - Developer(id=7, name=Albert, age=42, languages=[Python], married=false)
2021-08-13 15:18:49 - com.workshop.rest.MyRunner - Application complete !
2021-08-13 15:20:45 - c.w.r.BasicRestTemplateApplication - Starting BasicRestTemplateApplication using Java 1.8.0_251 on ganesha with PID 29888 (G:\code\sts-workspace\BasicRestTemplate\target\classes started by User in G:\code\sts-workspace\BasicRestTemplate)
2021-08-13 15:20:45 - c.w.r.BasicRestTemplateApplication - No active profile set, falling back to default profiles: default
2021-08-13 15:20:45 - c.w.r.BasicRestTemplateApplication - Started BasicRestTemplateApplication in 0.67 seconds (JVM running for 1.214)
2021-08-13 15:20:45 - com.workshop.rest.MyRunner - Started MyRunner
2021-08-13 15:20:45 - com.workshop.rest.MyRunner - Press enter to continue ....
2021-08-13 15:20:48 - com.workshop.rest.MyRunner - 

2021-08-13 15:20:48 - com.workshop.rest.MyRestService - GET to http://localhost:8080/api/developers
2021-08-13 15:20:48 - com.workshop.rest.MyRunner - Retrieved 5 developers ..
2021-08-13 15:20:48 - com.workshop.rest.MyRunner - Developer(id=1, name=Peter, age=25, languages=[Java, Python], married=false)
2021-08-13 15:20:48 - com.workshop.rest.MyRunner - Developer(id=2, name=Jane, age=38, languages=[C++, JavaScript], married=true)
2021-08-13 15:20:48 - com.workshop.rest.MyRunner - Developer(id=3, name=Douglas, age=45, languages=[Java, JavaScript], married=true)
2021-08-13 15:20:48 - com.workshop.rest.MyRunner - Developer(id=4, name=Sophia, age=30, languages=[Python, JavaScript, Java], married=false)
2021-08-13 15:20:48 - com.workshop.rest.MyRunner - Developer(id=5, name=Isabella, age=58, languages=[C++, Java, Erlang], married=true)
2021-08-13 15:20:48 - com.workshop.rest.MyRunner - Press enter to continue ....
2021-08-13 15:20:48 - com.workshop.rest.MyRunner - 

2021-08-13 15:20:48 - com.workshop.rest.MyRestService - GET to http://localhost:8080/api/developers/2
2021-08-13 15:20:48 - com.workshop.rest.MyRunner - Developer(id=2, name=Jane, age=38, languages=[C++, JavaScript], married=true)
2021-08-13 15:20:48 - com.workshop.rest.MyRunner - Press enter to continue ....
2021-08-13 15:20:48 - com.workshop.rest.MyRunner - 

2021-08-13 15:20:48 - com.workshop.rest.MyRunner - Storing 2 new developers
2021-08-13 15:20:48 - com.workshop.rest.MyRestService - POST to http://localhost:8080/api/developers
2021-08-13 15:20:48 - com.workshop.rest.MyRestService - POST to http://localhost:8080/api/developers
2021-08-13 15:20:48 - com.workshop.rest.MyRunner - Developer 1 stored at : http://localhost:8080/api/developers/6
2021-08-13 15:20:48 - com.workshop.rest.MyRunner - Developer 2 stored at : http://localhost:8080/api/developers/7
2021-08-13 15:20:48 - com.workshop.rest.MyRunner - Press enter to continue ....
2021-08-13 15:20:49 - com.workshop.rest.MyRunner - 

2021-08-13 15:20:49 - com.workshop.rest.MyRestService - GET to http://localhost:8080/api/developers
2021-08-13 15:20:49 - com.workshop.rest.MyRunner - Retrieved 7 developers ..
2021-08-13 15:20:49 - com.workshop.rest.MyRunner - Developer(id=1, name=Peter, age=25, languages=[Java, Python], married=false)
2021-08-13 15:20:49 - com.workshop.rest.MyRunner - Developer(id=2, name=Jane, age=38, languages=[C++, JavaScript], married=true)
2021-08-13 15:20:49 - com.workshop.rest.MyRunner - Developer(id=3, name=Douglas, age=45, languages=[Java, JavaScript], married=true)
2021-08-13 15:20:49 - com.workshop.rest.MyRunner - Developer(id=4, name=Sophia, age=30, languages=[Python, JavaScript, Java], married=false)
2021-08-13 15:20:49 - com.workshop.rest.MyRunner - Developer(id=5, name=Isabella, age=58, languages=[C++, Java, Erlang], married=true)
2021-08-13 15:20:49 - com.workshop.rest.MyRunner - Developer(id=6, name=Flora, age=65, languages=[Erlang, C++, Java], married=true)
2021-08-13 15:20:49 - com.workshop.rest.MyRunner - Developer(id=7, name=Albert, age=42, languages=[Python], married=false)
2021-08-13 15:20:49 - com.workshop.rest.MyRunner - Press enter to continue ....
2021-08-13 15:20:49 - com.workshop.rest.MyRunner - 

2021-08-13 15:20:49 - com.workshop.rest.MyRunner - Locating developers who can write Java
2021-08-13 15:20:49 - com.workshop.rest.MyRestService - GET to http://localhost:8080/api/developers?language=Java
2021-08-13 15:20:49 - com.workshop.rest.MyRunner - Developer(id=1, name=Peter, age=25, languages=[Java, Python], married=false)
2021-08-13 15:20:49 - com.workshop.rest.MyRunner - Developer(id=3, name=Douglas, age=45, languages=[Java, JavaScript], married=true)
2021-08-13 15:20:49 - com.workshop.rest.MyRunner - Developer(id=4, name=Sophia, age=30, languages=[Python, JavaScript, Java], married=false)
2021-08-13 15:20:49 - com.workshop.rest.MyRunner - Developer(id=5, name=Isabella, age=58, languages=[C++, Java, Erlang], married=true)
2021-08-13 15:20:49 - com.workshop.rest.MyRunner - Developer(id=6, name=Flora, age=65, languages=[Erlang, C++, Java], married=true)
2021-08-13 15:20:49 - com.workshop.rest.MyRunner - Press enter to continue ....
2021-08-13 15:20:49 - com.workshop.rest.MyRunner - 

2021-08-13 15:20:49 - com.workshop.rest.MyRunner - Locating developers who are single
2021-08-13 15:20:49 - com.workshop.rest.MyRestService - GET to http://localhost:8080/api/developers?married=false
2021-08-13 15:20:49 - com.workshop.rest.MyRunner - Developer(id=1, name=Peter, age=25, languages=[Java, Python], married=false)
2021-08-13 15:20:49 - com.workshop.rest.MyRunner - Developer(id=4, name=Sophia, age=30, languages=[Python, JavaScript, Java], married=false)
2021-08-13 15:20:49 - com.workshop.rest.MyRunner - Developer(id=7, name=Albert, age=42, languages=[Python], married=false)
2021-08-13 15:20:49 - com.workshop.rest.MyRunner - Press enter to continue ....
2021-08-13 15:20:49 - com.workshop.rest.MyRunner - 

2021-08-13 15:20:49 - com.workshop.rest.MyRunner - Locating developers who are 35 years or older
2021-08-13 15:20:49 - com.workshop.rest.MyRestService - GET to http://localhost:8080/api/developers?age>35
2021-08-13 15:20:49 - com.workshop.rest.MyRunner - Developer(id=2, name=Jane, age=38, languages=[C++, JavaScript], married=true)
2021-08-13 15:20:49 - com.workshop.rest.MyRunner - Developer(id=3, name=Douglas, age=45, languages=[Java, JavaScript], married=true)
2021-08-13 15:20:49 - com.workshop.rest.MyRunner - Developer(id=5, name=Isabella, age=58, languages=[C++, Java, Erlang], married=true)
2021-08-13 15:20:49 - com.workshop.rest.MyRunner - Developer(id=6, name=Flora, age=65, languages=[Erlang, C++, Java], married=true)
2021-08-13 15:20:49 - com.workshop.rest.MyRunner - Developer(id=7, name=Albert, age=42, languages=[Python], married=false)
2021-08-13 15:20:49 - com.workshop.rest.MyRunner - Press enter to continue ....
2021-08-13 15:20:49 - com.workshop.rest.MyRunner - 

2021-08-13 15:20:49 - com.workshop.rest.MyRunner - Locating developers who are 50 years or younger
2021-08-13 15:20:49 - com.workshop.rest.MyRestService - GET to http://localhost:8080/api/developers?age<50
2021-08-13 15:20:49 - com.workshop.rest.MyRunner - Developer(id=1, name=Peter, age=25, languages=[Java, Python], married=false)
2021-08-13 15:20:49 - com.workshop.rest.MyRunner - Developer(id=2, name=Jane, age=38, languages=[C++, JavaScript], married=true)
2021-08-13 15:20:49 - com.workshop.rest.MyRunner - Developer(id=3, name=Douglas, age=45, languages=[Java, JavaScript], married=true)
2021-08-13 15:20:49 - com.workshop.rest.MyRunner - Developer(id=4, name=Sophia, age=30, languages=[Python, JavaScript, Java], married=false)
2021-08-13 15:20:49 - com.workshop.rest.MyRunner - Developer(id=7, name=Albert, age=42, languages=[Python], married=false)
2021-08-13 15:20:49 - com.workshop.rest.MyRunner - Press enter to continue ....
2021-08-13 15:20:49 - com.workshop.rest.MyRunner - 

2021-08-13 15:20:49 - com.workshop.rest.MyRunner - Showing a total of 3 developers starting from developer #2
2021-08-13 15:20:49 - com.workshop.rest.MyRestService - GET to http://localhost:8080/api/developers?limit=3&start=2
2021-08-13 15:20:49 - com.workshop.rest.MyRunner - Developer(id=2, name=Jane, age=38, languages=[C++, JavaScript], married=true)
2021-08-13 15:20:49 - com.workshop.rest.MyRunner - Developer(id=3, name=Douglas, age=45, languages=[Java, JavaScript], married=true)
2021-08-13 15:20:49 - com.workshop.rest.MyRunner - Developer(id=4, name=Sophia, age=30, languages=[Python, JavaScript, Java], married=false)
2021-08-13 15:20:49 - com.workshop.rest.MyRunner - Press enter to continue ....
2021-08-13 15:20:49 - com.workshop.rest.MyRunner - 

2021-08-13 15:20:49 - com.workshop.rest.MyRunner - Modifying details for developer #3
2021-08-13 15:20:49 - com.workshop.rest.MyRestService - GET to http://localhost:8080/api/developers/3
2021-08-13 15:20:49 - com.workshop.rest.MyRunner - Developer(id=3, name=Douglas, age=45, languages=[Java, JavaScript], married=true)
2021-08-13 15:20:49 - com.workshop.rest.MyRunner - increase age by 10 and change marital status
2021-08-13 15:20:49 - com.workshop.rest.MyRestService - PUT to http://localhost:8080/api/developers/3
2021-08-13 15:20:49 - com.workshop.rest.MyRestService - GET to http://localhost:8080/api/developers/3
2021-08-13 15:20:49 - com.workshop.rest.MyRunner - Developer(id=3, name=Douglas, age=55, languages=[Java, JavaScript], married=false)
2021-08-13 15:20:49 - com.workshop.rest.MyRunner - Press enter to continue ....
2021-08-13 15:20:50 - com.workshop.rest.MyRunner - 

2021-08-13 15:20:50 - com.workshop.rest.MyRunner - Deleting developer #2 and #4
2021-08-13 15:20:50 - com.workshop.rest.MyRestService - DELETE to http://localhost:8080/api/developers/2
2021-08-13 15:20:50 - com.workshop.rest.MyRestService - DELETE to http://localhost:8080/api/developers/4
2021-08-13 15:20:50 - com.workshop.rest.MyRestService - GET to http://localhost:8080/api/developers
2021-08-13 15:20:50 - com.workshop.rest.MyRunner - Retrieved 5 developers ..
2021-08-13 15:20:50 - com.workshop.rest.MyRunner - Developer(id=1, name=Peter, age=25, languages=[Java, Python], married=false)
2021-08-13 15:20:50 - com.workshop.rest.MyRunner - Developer(id=3, name=Douglas, age=55, languages=[Java, JavaScript], married=false)
2021-08-13 15:20:50 - com.workshop.rest.MyRunner - Developer(id=5, name=Isabella, age=58, languages=[C++, Java, Erlang], married=true)
2021-08-13 15:20:50 - com.workshop.rest.MyRunner - Developer(id=6, name=Flora, age=65, languages=[Erlang, C++, Java], married=true)
2021-08-13 15:20:50 - com.workshop.rest.MyRunner - Developer(id=7, name=Albert, age=42, languages=[Python], married=false)
2021-08-13 15:20:50 - com.workshop.rest.MyRunner - Application complete !
2021-08-13 15:34:21 - c.w.r.BasicRestTemplateApplication - Starting BasicRestTemplateApplication using Java 1.8.0_251 on ganesha with PID 10256 (G:\code\sts-workspace\BasicRestTemplate\target\classes started by User in G:\code\sts-workspace\BasicRestTemplate)
2021-08-13 15:34:21 - c.w.r.BasicRestTemplateApplication - No active profile set, falling back to default profiles: default
2021-08-13 15:34:21 - c.w.r.BasicRestTemplateApplication - Started BasicRestTemplateApplication in 0.663 seconds (JVM running for 1.209)
2021-08-13 15:34:21 - com.workshop.rest.MyRunner - Started MyRunner
2021-08-13 15:34:21 - com.workshop.rest.MyRunner - Press enter to continue ....
2021-08-13 15:34:23 - com.workshop.rest.MyRunner - 

2021-08-13 15:34:23 - com.workshop.rest.MyRestService - GET to http://localhost:8080/api/developers
2021-08-13 15:34:23 - com.workshop.rest.MyRunner - Retrieved 5 developers ..
2021-08-13 15:34:23 - com.workshop.rest.MyRunner - Developer(id=1, name=Peter, age=25, languages=[Java, Python], married=false)
2021-08-13 15:34:23 - com.workshop.rest.MyRunner - Developer(id=2, name=Jane, age=38, languages=[C++, JavaScript], married=true)
2021-08-13 15:34:23 - com.workshop.rest.MyRunner - Developer(id=3, name=Douglas, age=45, languages=[Java, JavaScript], married=true)
2021-08-13 15:34:23 - com.workshop.rest.MyRunner - Developer(id=4, name=Sophia, age=30, languages=[Python, JavaScript, Java], married=false)
2021-08-13 15:34:23 - com.workshop.rest.MyRunner - Developer(id=5, name=Isabella, age=58, languages=[C++, Java, Erlang], married=true)
2021-08-13 15:34:23 - com.workshop.rest.MyRunner - Press enter to continue ....
2021-08-13 15:34:24 - com.workshop.rest.MyRunner - 

2021-08-13 15:34:24 - com.workshop.rest.MyRestService - GET to http://localhost:8080/api/developers/2
2021-08-13 15:34:24 - com.workshop.rest.MyRunner - Developer(id=2, name=Jane, age=38, languages=[C++, JavaScript], married=true)
2021-08-13 15:34:24 - com.workshop.rest.MyRunner - Press enter to continue ....
2021-08-13 15:34:29 - com.workshop.rest.MyRunner - 

2021-08-13 15:34:29 - com.workshop.rest.MyRunner - Storing 2 new developers
2021-08-13 15:34:29 - com.workshop.rest.MyRestService - POST to http://localhost:8080/api/developers
2021-08-13 15:34:29 - com.workshop.rest.MyRestService - POST to http://localhost:8080/api/developers
2021-08-13 15:34:29 - com.workshop.rest.MyRunner - Developer 1 stored at : http://localhost:8080/api/developers/6
2021-08-13 15:34:29 - com.workshop.rest.MyRunner - Developer 2 stored at : http://localhost:8080/api/developers/7
2021-08-13 15:34:29 - com.workshop.rest.MyRunner - Press enter to continue ....
2021-08-13 15:34:30 - com.workshop.rest.MyRunner - 

2021-08-13 15:34:30 - com.workshop.rest.MyRestService - GET to http://localhost:8080/api/developers
2021-08-13 15:34:30 - com.workshop.rest.MyRunner - Retrieved 7 developers ..
2021-08-13 15:34:30 - com.workshop.rest.MyRunner - Developer(id=1, name=Peter, age=25, languages=[Java, Python], married=false)
2021-08-13 15:34:30 - com.workshop.rest.MyRunner - Developer(id=2, name=Jane, age=38, languages=[C++, JavaScript], married=true)
2021-08-13 15:34:30 - com.workshop.rest.MyRunner - Developer(id=3, name=Douglas, age=45, languages=[Java, JavaScript], married=true)
2021-08-13 15:34:30 - com.workshop.rest.MyRunner - Developer(id=4, name=Sophia, age=30, languages=[Python, JavaScript, Java], married=false)
2021-08-13 15:34:30 - com.workshop.rest.MyRunner - Developer(id=5, name=Isabella, age=58, languages=[C++, Java, Erlang], married=true)
2021-08-13 15:34:30 - com.workshop.rest.MyRunner - Developer(id=6, name=Flora, age=65, languages=[Erlang, C++, Java], married=true)
2021-08-13 15:34:30 - com.workshop.rest.MyRunner - Developer(id=7, name=Albert, age=42, languages=[Python], married=false)
2021-08-13 15:34:30 - com.workshop.rest.MyRunner - Press enter to continue ....
2021-08-13 15:34:50 - com.workshop.rest.MyRunner - 

2021-08-13 15:34:50 - com.workshop.rest.MyRunner - Locating developers who can write Java
2021-08-13 15:34:50 - com.workshop.rest.MyRestService - GET to http://localhost:8080/api/developers?language=Java
2021-08-13 15:34:50 - com.workshop.rest.MyRunner - Developer(id=1, name=Peter, age=25, languages=[Java, Python], married=false)
2021-08-13 15:34:50 - com.workshop.rest.MyRunner - Developer(id=3, name=Douglas, age=45, languages=[Java, JavaScript], married=true)
2021-08-13 15:34:50 - com.workshop.rest.MyRunner - Developer(id=4, name=Sophia, age=30, languages=[Python, JavaScript, Java], married=false)
2021-08-13 15:34:50 - com.workshop.rest.MyRunner - Developer(id=5, name=Isabella, age=58, languages=[C++, Java, Erlang], married=true)
2021-08-13 15:34:50 - com.workshop.rest.MyRunner - Developer(id=6, name=Flora, age=65, languages=[Erlang, C++, Java], married=true)
2021-08-13 15:34:50 - com.workshop.rest.MyRunner - Press enter to continue ....
2021-08-13 15:34:52 - com.workshop.rest.MyRunner - 

2021-08-13 15:34:52 - com.workshop.rest.MyRunner - Locating developers who are single
2021-08-13 15:34:52 - com.workshop.rest.MyRestService - GET to http://localhost:8080/api/developers?married=false
2021-08-13 15:34:52 - com.workshop.rest.MyRunner - Developer(id=1, name=Peter, age=25, languages=[Java, Python], married=false)
2021-08-13 15:34:52 - com.workshop.rest.MyRunner - Developer(id=4, name=Sophia, age=30, languages=[Python, JavaScript, Java], married=false)
2021-08-13 15:34:52 - com.workshop.rest.MyRunner - Developer(id=7, name=Albert, age=42, languages=[Python], married=false)
2021-08-13 15:34:52 - com.workshop.rest.MyRunner - Press enter to continue ....
2021-08-13 15:34:53 - com.workshop.rest.MyRunner - 

2021-08-13 15:34:53 - com.workshop.rest.MyRunner - Locating developers who are 35 years or older
2021-08-13 15:34:53 - com.workshop.rest.MyRestService - GET to http://localhost:8080/api/developers?age>35
2021-08-13 15:34:53 - com.workshop.rest.MyRunner - Developer(id=2, name=Jane, age=38, languages=[C++, JavaScript], married=true)
2021-08-13 15:34:53 - com.workshop.rest.MyRunner - Developer(id=3, name=Douglas, age=45, languages=[Java, JavaScript], married=true)
2021-08-13 15:34:53 - com.workshop.rest.MyRunner - Developer(id=5, name=Isabella, age=58, languages=[C++, Java, Erlang], married=true)
2021-08-13 15:34:53 - com.workshop.rest.MyRunner - Developer(id=6, name=Flora, age=65, languages=[Erlang, C++, Java], married=true)
2021-08-13 15:34:53 - com.workshop.rest.MyRunner - Developer(id=7, name=Albert, age=42, languages=[Python], married=false)
2021-08-13 15:34:53 - com.workshop.rest.MyRunner - Press enter to continue ....
2021-08-13 15:34:55 - com.workshop.rest.MyRunner - 

2021-08-13 15:34:55 - com.workshop.rest.MyRunner - Locating developers who are 50 years or younger
2021-08-13 15:34:55 - com.workshop.rest.MyRestService - GET to http://localhost:8080/api/developers?age<50
2021-08-13 15:34:55 - com.workshop.rest.MyRunner - Developer(id=1, name=Peter, age=25, languages=[Java, Python], married=false)
2021-08-13 15:34:55 - com.workshop.rest.MyRunner - Developer(id=2, name=Jane, age=38, languages=[C++, JavaScript], married=true)
2021-08-13 15:34:55 - com.workshop.rest.MyRunner - Developer(id=3, name=Douglas, age=45, languages=[Java, JavaScript], married=true)
2021-08-13 15:34:55 - com.workshop.rest.MyRunner - Developer(id=4, name=Sophia, age=30, languages=[Python, JavaScript, Java], married=false)
2021-08-13 15:34:55 - com.workshop.rest.MyRunner - Developer(id=7, name=Albert, age=42, languages=[Python], married=false)
2021-08-13 15:34:55 - com.workshop.rest.MyRunner - Press enter to continue ....
2021-08-13 15:34:57 - com.workshop.rest.MyRunner - 

2021-08-13 15:34:57 - com.workshop.rest.MyRunner - Showing a total of 3 developers starting from developer #2
2021-08-13 15:34:57 - com.workshop.rest.MyRestService - GET to http://localhost:8080/api/developers?limit=3&start=2
2021-08-13 15:34:57 - com.workshop.rest.MyRunner - Developer(id=2, name=Jane, age=38, languages=[C++, JavaScript], married=true)
2021-08-13 15:34:57 - com.workshop.rest.MyRunner - Developer(id=3, name=Douglas, age=45, languages=[Java, JavaScript], married=true)
2021-08-13 15:34:57 - com.workshop.rest.MyRunner - Developer(id=4, name=Sophia, age=30, languages=[Python, JavaScript, Java], married=false)
2021-08-13 15:34:57 - com.workshop.rest.MyRunner - Press enter to continue ....
2021-08-13 15:34:59 - com.workshop.rest.MyRunner - 

2021-08-13 15:34:59 - com.workshop.rest.MyRunner - Modifying details for developer #3
2021-08-13 15:34:59 - com.workshop.rest.MyRestService - GET to http://localhost:8080/api/developers/3
2021-08-13 15:34:59 - com.workshop.rest.MyRunner - Developer(id=3, name=Douglas, age=45, languages=[Java, JavaScript], married=true)
2021-08-13 15:34:59 - com.workshop.rest.MyRunner - increase age by 10 and change marital status
2021-08-13 15:34:59 - com.workshop.rest.MyRestService - PUT to http://localhost:8080/api/developers/3
2021-08-13 15:34:59 - com.workshop.rest.MyRestService - GET to http://localhost:8080/api/developers/3
2021-08-13 15:34:59 - com.workshop.rest.MyRunner - Developer(id=3, name=Douglas, age=55, languages=[Java, JavaScript], married=false)
2021-08-13 15:34:59 - com.workshop.rest.MyRunner - Press enter to continue ....
2021-08-13 15:35:06 - com.workshop.rest.MyRunner - 

2021-08-13 15:35:06 - com.workshop.rest.MyRunner - Deleting developer #2 and #4
2021-08-13 15:35:06 - com.workshop.rest.MyRestService - DELETE to http://localhost:8080/api/developers/2
2021-08-13 15:35:06 - com.workshop.rest.MyRestService - DELETE to http://localhost:8080/api/developers/4
2021-08-13 15:35:06 - com.workshop.rest.MyRestService - GET to http://localhost:8080/api/developers
2021-08-13 15:35:06 - com.workshop.rest.MyRunner - Retrieved 5 developers ..
2021-08-13 15:35:06 - com.workshop.rest.MyRunner - Developer(id=1, name=Peter, age=25, languages=[Java, Python], married=false)
2021-08-13 15:35:06 - com.workshop.rest.MyRunner - Developer(id=3, name=Douglas, age=55, languages=[Java, JavaScript], married=false)
2021-08-13 15:35:06 - com.workshop.rest.MyRunner - Developer(id=5, name=Isabella, age=58, languages=[C++, Java, Erlang], married=true)
2021-08-13 15:35:06 - com.workshop.rest.MyRunner - Developer(id=6, name=Flora, age=65, languages=[Erlang, C++, Java], married=true)
2021-08-13 15:35:06 - com.workshop.rest.MyRunner - Developer(id=7, name=Albert, age=42, languages=[Python], married=false)
2021-08-13 15:35:06 - com.workshop.rest.MyRunner - Application complete !
